mode: atomic
github.com/IBM/ibmcloud-storage-volume-lib/config/config.go:21.32,23.2 1 9
github.com/IBM/ibmcloud-storage-volume-lib/config/config.go:26.25,27.46 1 6
github.com/IBM/ibmcloud-storage-volume-lib/config/config.go:30.2,30.11 1 4
github.com/IBM/ibmcloud-storage-volume-lib/config/config.go:27.46,29.3 1 2
github.com/IBM/ibmcloud-storage-volume-lib/config/config.go:43.71,45.20 1 2
github.com/IBM/ibmcloud-storage-volume-lib/config/config.go:50.2,53.19 4 2
github.com/IBM/ibmcloud-storage-volume-lib/config/config.go:45.20,47.3 1 1
github.com/IBM/ibmcloud-storage-volume-lib/config/config.go:57.27,58.62 1 2
github.com/IBM/ibmcloud-storage-volume-lib/config/config.go:62.2,62.29 1 1
github.com/IBM/ibmcloud-storage-volume-lib/config/config.go:58.62,60.3 1 1
github.com/IBM/ibmcloud-storage-volume-lib/config/config.go:66.34,68.2 1 3
github.com/IBM/ibmcloud-storage-volume-lib/config/config.go:71.79,73.16 2 5
github.com/IBM/ibmcloud-storage-volume-lib/config/config.go:76.2,76.12 1 5
github.com/IBM/ibmcloud-storage-volume-lib/config/config.go:73.16,75.3 1 1
github.com/IBM/ibmcloud-storage-volume-lib/config/config.go:137.26,142.2 3 4
github.com/IBM/ibmcloud-storage-volume-lib/config/tls.go:20.50,37.2 2 1
github.com/IBM/ibmcloud-storage-volume-lib/config/tls.go:40.82,54.2 2 1
github.com/IBM/ibmcloud-storage-volume-lib/lib/utils/data_utils.go:15.40,16.14 1 2
github.com/IBM/ibmcloud-storage-volume-lib/lib/utils/data_utils.go:19.2,19.11 1 1
github.com/IBM/ibmcloud-storage-volume-lib/lib/utils/data_utils.go:16.14,18.3 1 1
github.com/IBM/ibmcloud-storage-volume-lib/lib/utils/data_utils.go:24.37,26.2 1 0
github.com/IBM/ibmcloud-storage-volume-lib/lib/utils/error_types.go:42.37,44.8 2 0
github.com/IBM/ibmcloud-storage-volume-lib/lib/utils/error_types.go:47.2,47.24 1 0
github.com/IBM/ibmcloud-storage-volume-lib/lib/utils/error_types.go:44.8,46.3 1 0
github.com/IBM/ibmcloud-storage-volume-lib/lib/utils/error_utils.go:25.79,27.2 1 0
github.com/IBM/ibmcloud-storage-volume-lib/lib/utils/error_utils.go:33.123,34.16 1 0
github.com/IBM/ibmcloud-storage-volume-lib/lib/utils/error_utils.go:37.2,38.28 2 0
github.com/IBM/ibmcloud-storage-volume-lib/lib/utils/error_utils.go:48.2,55.3 1 0
github.com/IBM/ibmcloud-storage-volume-lib/lib/utils/error_utils.go:34.16,36.3 1 0
github.com/IBM/ibmcloud-storage-volume-lib/lib/utils/error_utils.go:38.28,39.15 1 0
github.com/IBM/ibmcloud-storage-volume-lib/lib/utils/error_utils.go:39.15,41.47 2 0
github.com/IBM/ibmcloud-storage-volume-lib/lib/utils/error_utils.go:41.47,42.35 1 0
github.com/IBM/ibmcloud-storage-volume-lib/lib/utils/error_utils.go:42.35,44.6 1 0
github.com/IBM/ibmcloud-storage-volume-lib/lib/utils/error_utils.go:60.48,61.75 1 0
github.com/IBM/ibmcloud-storage-volume-lib/lib/utils/error_utils.go:64.2,64.19 1 0
github.com/IBM/ibmcloud-storage-volume-lib/lib/utils/error_utils.go:61.75,63.3 1 0
github.com/IBM/ibmcloud-storage-volume-lib/lib/utils/error_utils.go:68.55,69.50 1 0
github.com/IBM/ibmcloud-storage-volume-lib/lib/utils/error_utils.go:74.2,74.37 1 0
github.com/IBM/ibmcloud-storage-volume-lib/lib/utils/error_utils.go:69.50,70.38 1 0
github.com/IBM/ibmcloud-storage-volume-lib/lib/utils/error_utils.go:70.38,72.4 1 0
github.com/IBM/ibmcloud-storage-volume-lib/lib/utils/error_utils.go:79.46,80.16 1 0
github.com/IBM/ibmcloud-storage-volume-lib/lib/utils/error_utils.go:83.2,83.50 1 0
github.com/IBM/ibmcloud-storage-volume-lib/lib/utils/error_utils.go:86.2,89.3 1 0
github.com/IBM/ibmcloud-storage-volume-lib/lib/utils/error_utils.go:80.16,82.3 1 0
github.com/IBM/ibmcloud-storage-volume-lib/lib/utils/error_utils.go:83.50,85.3 1 0
github.com/IBM/ibmcloud-storage-volume-lib/lib/utils/error_utils.go:94.48,95.18 1 0
github.com/IBM/ibmcloud-storage-volume-lib/lib/utils/error_utils.go:98.2,98.38 1 0
github.com/IBM/ibmcloud-storage-volume-lib/lib/utils/error_utils.go:95.18,97.3 1 0
github.com/IBM/ibmcloud-storage-volume-lib/lib/utils/error_utils.go:102.64,104.74 2 0
github.com/IBM/ibmcloud-storage-volume-lib/lib/utils/error_utils.go:107.2,108.33 2 0
github.com/IBM/ibmcloud-storage-volume-lib/lib/utils/error_utils.go:111.2,112.12 2 0
github.com/IBM/ibmcloud-storage-volume-lib/lib/utils/error_utils.go:104.74,106.3 1 0
github.com/IBM/ibmcloud-storage-volume-lib/lib/utils/error_utils.go:108.33,110.3 1 0
github.com/IBM/ibmcloud-storage-volume-lib/lib/utils/error_utils.go:118.40,119.50 1 0
github.com/IBM/ibmcloud-storage-volume-lib/lib/utils/error_utils.go:125.2,125.23 1 0
github.com/IBM/ibmcloud-storage-volume-lib/lib/utils/error_utils.go:119.50,123.3 1 0
github.com/IBM/ibmcloud-storage-volume-lib/lib/utils/messages.go:29.35,31.2 1 0
github.com/IBM/ibmcloud-storage-volume-lib/lib/utils/messages.go:34.34,36.2 1 0
github.com/IBM/ibmcloud-storage-volume-lib/lib/utils/time_tracker.go:20.56,24.2 2 1
github.com/IBM/ibmcloud-storage-volume-lib/volume-providers/auth/ims_token.go:32.133,35.16 2 0
github.com/IBM/ibmcloud-storage-volume-lib/volume-providers/auth/ims_token.go:41.2,42.16 2 0
github.com/IBM/ibmcloud-storage-volume-lib/volume-providers/auth/ims_token.go:48.2,48.39 1 0
github.com/IBM/ibmcloud-storage-volume-lib/volume-providers/auth/ims_token.go:35.16,39.3 2 0
github.com/IBM/ibmcloud-storage-volume-lib/volume-providers/auth/ims_token.go:42.16,46.3 2 0
github.com/IBM/ibmcloud-storage-volume-lib/volume-providers/auth/ims_token.go:52.138,55.16 2 0
github.com/IBM/ibmcloud-storage-volume-lib/volume-providers/auth/ims_token.go:61.2,61.49 1 0
github.com/IBM/ibmcloud-storage-volume-lib/volume-providers/auth/ims_token.go:55.16,59.3 2 0
github.com/IBM/ibmcloud-storage-volume-lib/volume-providers/auth/ims_token.go:65.129,68.16 2 0
github.com/IBM/ibmcloud-storage-volume-lib/volume-providers/auth/ims_token.go:72.2,73.16 2 0
github.com/IBM/ibmcloud-storage-volume-lib/volume-providers/auth/ims_token.go:78.2,78.61 1 0
github.com/IBM/ibmcloud-storage-volume-lib/volume-providers/auth/ims_token.go:68.16,71.3 2 0
github.com/IBM/ibmcloud-storage-volume-lib/volume-providers/auth/ims_token.go:73.16,76.3 2 0
github.com/IBM/ibmcloud-storage-volume-lib/volume-providers/auth/ims_token.go:82.91,89.2 1 0
github.com/IBM/ibmcloud-storage-volume-lib/volume-providers/auth/ims_token.go:92.106,98.2 1 0
github.com/IBM/ibmcloud-storage-volume-lib/volume-providers/auth/apikey.go:20.147,27.2 1 1
github.com/IBM/ibmcloud-storage-volume-lib/volume-providers/auth/factory.go:29.186,31.16 2 0
github.com/IBM/ibmcloud-storage-volume-lib/volume-providers/auth/factory.go:35.2,39.8 1 0
github.com/IBM/ibmcloud-storage-volume-lib/volume-providers/auth/factory.go:31.16,33.3 1 0
github.com/IBM/ibmcloud-storage-volume-lib/volume-providers/iam/token_exchange.go:36.130,41.2 1 0
github.com/IBM/ibmcloud-storage-volume-lib/volume-providers/iam/token_exchange.go:44.95,46.16 2 15
github.com/IBM/ibmcloud-storage-volume-lib/volume-providers/iam/token_exchange.go:49.2,52.8 1 15
github.com/IBM/ibmcloud-storage-volume-lib/volume-providers/iam/token_exchange.go:46.16,48.3 1 0
github.com/IBM/ibmcloud-storage-volume-lib/volume-providers/iam/token_exchange.go:71.132,78.2 4 5
github.com/IBM/ibmcloud-storage-volume-lib/volume-providers/iam/token_exchange.go:81.129,89.2 5 5
github.com/IBM/ibmcloud-storage-volume-lib/volume-providers/iam/token_exchange.go:92.120,100.2 5 0
github.com/IBM/ibmcloud-storage-volume-lib/volume-providers/iam/token_exchange.go:103.126,110.2 4 4
github.com/IBM/ibmcloud-storage-volume-lib/volume-providers/iam/token_exchange.go:113.79,115.16 2 9
github.com/IBM/ibmcloud-storage-volume-lib/volume-providers/iam/token_exchange.go:118.2,118.54 1 2
github.com/IBM/ibmcloud-storage-volume-lib/volume-providers/iam/token_exchange.go:115.16,117.3 1 7
github.com/IBM/ibmcloud-storage-volume-lib/volume-providers/iam/token_exchange.go:122.73,124.16 2 5
github.com/IBM/ibmcloud-storage-volume-lib/volume-providers/iam/token_exchange.go:127.2,130.8 1 1
github.com/IBM/ibmcloud-storage-volume-lib/volume-providers/iam/token_exchange.go:124.16,126.3 1 4
github.com/IBM/ibmcloud-storage-volume-lib/volume-providers/iam/token_exchange.go:134.100,144.2 3 14
github.com/IBM/ibmcloud-storage-volume-lib/volume-providers/iam/token_exchange.go:147.91,168.16 8 14
github.com/IBM/ibmcloud-storage-volume-lib/volume-providers/iam/token_exchange.go:178.2,178.43 1 10
github.com/IBM/ibmcloud-storage-volume-lib/volume-providers/iam/token_exchange.go:185.2,185.31 1 7
github.com/IBM/ibmcloud-storage-volume-lib/volume-providers/iam/token_exchange.go:204.2,209.45 2 3
github.com/IBM/ibmcloud-storage-volume-lib/volume-providers/iam/token_exchange.go:168.16,176.3 2 4
github.com/IBM/ibmcloud-storage-volume-lib/volume-providers/iam/token_exchange.go:178.43,181.3 2 3
github.com/IBM/ibmcloud-storage-volume-lib/volume-providers/iam/token_exchange.go:185.31,196.84 3 4
github.com/IBM/ibmcloud-storage-volume-lib/volume-providers/iam/token_exchange.go:201.3,201.18 1 4
github.com/IBM/ibmcloud-storage-volume-lib/volume-providers/iam/token_exchange.go:196.84,199.4 1 1
github.com/IBM/ibmcloud-storage-volume-lib/volume-providers/iam/token_validation.go:29.138,33.16 2 1
github.com/IBM/ibmcloud-storage-volume-lib/volume-providers/iam/token_validation.go:36.2,43.33 4 1
github.com/IBM/ibmcloud-storage-volume-lib/volume-providers/iam/token_validation.go:48.2,51.8 3 1
github.com/IBM/ibmcloud-storage-volume-lib/volume-providers/iam/token_validation.go:33.16,35.3 1 0
github.com/IBM/ibmcloud-storage-volume-lib/volume-providers/iam/token_validation.go:43.33,46.3 2 0
github.com/IBM/ibmcloud-storage-volume-lib/volume-providers/vpc/util/errors_util.go:27.79,29.2 1 16
github.com/IBM/ibmcloud-storage-volume-lib/volume-providers/vpc/util/errors_util.go:35.123,36.16 1 20
github.com/IBM/ibmcloud-storage-volume-lib/volume-providers/vpc/util/errors_util.go:39.2,40.28 2 20
github.com/IBM/ibmcloud-storage-volume-lib/volume-providers/vpc/util/errors_util.go:50.2,57.3 1 20
github.com/IBM/ibmcloud-storage-volume-lib/volume-providers/vpc/util/errors_util.go:36.16,38.3 1 2
github.com/IBM/ibmcloud-storage-volume-lib/volume-providers/vpc/util/errors_util.go:40.28,41.15 1 26
github.com/IBM/ibmcloud-storage-volume-lib/volume-providers/vpc/util/errors_util.go:41.15,43.47 2 20
github.com/IBM/ibmcloud-storage-volume-lib/volume-providers/vpc/util/errors_util.go:43.47,44.35 1 4
github.com/IBM/ibmcloud-storage-volume-lib/volume-providers/vpc/util/errors_util.go:44.35,46.6 1 6
github.com/IBM/ibmcloud-storage-volume-lib/volume-providers/vpc/util/errors_util.go:62.48,63.75 1 6
github.com/IBM/ibmcloud-storage-volume-lib/volume-providers/vpc/util/errors_util.go:66.2,66.19 1 3
github.com/IBM/ibmcloud-storage-volume-lib/volume-providers/vpc/util/errors_util.go:63.75,65.3 1 3
github.com/IBM/ibmcloud-storage-volume-lib/volume-providers/vpc/util/errors_util.go:70.55,71.50 1 2
github.com/IBM/ibmcloud-storage-volume-lib/volume-providers/vpc/util/errors_util.go:76.2,76.37 1 1
github.com/IBM/ibmcloud-storage-volume-lib/volume-providers/vpc/util/errors_util.go:71.50,72.61 1 1
github.com/IBM/ibmcloud-storage-volume-lib/volume-providers/vpc/util/errors_util.go:72.61,74.4 1 1
github.com/IBM/ibmcloud-storage-volume-lib/volume-providers/vpc/util/errors_util.go:81.46,82.16 1 5
github.com/IBM/ibmcloud-storage-volume-lib/volume-providers/vpc/util/errors_util.go:85.2,85.50 1 3
github.com/IBM/ibmcloud-storage-volume-lib/volume-providers/vpc/util/errors_util.go:88.2,91.3 1 2
github.com/IBM/ibmcloud-storage-volume-lib/volume-providers/vpc/util/errors_util.go:82.16,84.3 1 2
github.com/IBM/ibmcloud-storage-volume-lib/volume-providers/vpc/util/errors_util.go:85.50,87.3 1 1
github.com/IBM/ibmcloud-storage-volume-lib/volume-providers/vpc/util/errors_util.go:96.48,97.18 1 2
github.com/IBM/ibmcloud-storage-volume-lib/volume-providers/vpc/util/errors_util.go:100.2,100.38 1 1
github.com/IBM/ibmcloud-storage-volume-lib/volume-providers/vpc/util/errors_util.go:97.18,99.3 1 1
github.com/IBM/ibmcloud-storage-volume-lib/volume-providers/vpc/util/errors_util.go:104.64,106.74 2 5
github.com/IBM/ibmcloud-storage-volume-lib/volume-providers/vpc/util/errors_util.go:109.2,110.33 2 4
github.com/IBM/ibmcloud-storage-volume-lib/volume-providers/vpc/util/errors_util.go:113.2,114.12 2 2
github.com/IBM/ibmcloud-storage-volume-lib/volume-providers/vpc/util/errors_util.go:106.74,108.3 1 1
github.com/IBM/ibmcloud-storage-volume-lib/volume-providers/vpc/util/errors_util.go:110.33,112.3 1 2
github.com/IBM/ibmcloud-storage-volume-lib/volume-providers/vpc/util/errors_util.go:120.40,121.50 1 3
github.com/IBM/ibmcloud-storage-volume-lib/volume-providers/vpc/util/errors_util.go:127.2,127.23 1 2
github.com/IBM/ibmcloud-storage-volume-lib/volume-providers/vpc/util/errors_util.go:121.50,125.3 1 1
github.com/IBM/ibmcloud-storage-volume-lib/volume-providers/vpc/vpcclient/client/client.go:49.123,54.25 2 18
github.com/IBM/ibmcloud-storage-volume-lib/volume-providers/vpc/vpcclient/client/client.go:57.2,65.3 1 18
github.com/IBM/ibmcloud-storage-volume-lib/volume-providers/vpc/vpcclient/client/client.go:54.25,56.3 1 18
github.com/IBM/ibmcloud-storage-volume-lib/volume-providers/vpc/vpcclient/client/client.go:69.60,73.23 4 18
github.com/IBM/ibmcloud-storage-volume-lib/volume-providers/vpc/vpcclient/client/client.go:78.2,79.34 2 18
github.com/IBM/ibmcloud-storage-volume-lib/volume-providers/vpc/vpcclient/client/client.go:83.2,94.3 1 18
github.com/IBM/ibmcloud-storage-volume-lib/volume-providers/vpc/vpcclient/client/client.go:73.23,75.3 1 18
github.com/IBM/ibmcloud-storage-volume-lib/volume-providers/vpc/vpcclient/client/client.go:79.34,81.3 1 18
github.com/IBM/ibmcloud-storage-volume-lib/volume-providers/vpc/vpcclient/client/client.go:98.60,101.2 2 11
github.com/IBM/ibmcloud-storage-volume-lib/volume-providers/vpc/vpcclient/client/client.go:104.64,109.2 2 11
github.com/IBM/ibmcloud-storage-volume-lib/volume-providers/vpc/vpcclient/client/client.go:112.70,115.2 2 0
github.com/IBM/ibmcloud-storage-volume-lib/volume-providers/vpc/vpcclient/client/client.go:118.67,121.2 2 0
github.com/IBM/ibmcloud-storage-volume-lib/volume-providers/vpc/vpcclient/client/params.go:17.31,19.22 2 19
github.com/IBM/ibmcloud-storage-volume-lib/volume-providers/vpc/vpcclient/client/params.go:22.2,22.15 1 19
github.com/IBM/ibmcloud-storage-volume-lib/volume-providers/vpc/vpcclient/client/params.go:19.22,21.3 1 2
github.com/IBM/ibmcloud-storage-volume-lib/volume-providers/vpc/vpcclient/client/request.go:71.33,73.33 2 17
github.com/IBM/ibmcloud-storage-volume-lib/volume-providers/vpc/vpcclient/client/request.go:76.2,76.13 1 17
github.com/IBM/ibmcloud-storage-volume-lib/volume-providers/vpc/vpcclient/client/request.go:73.33,75.3 1 0
github.com/IBM/ibmcloud-storage-volume-lib/volume-providers/vpc/vpcclient/client/request.go:80.32,82.20 2 18
github.com/IBM/ibmcloud-storage-volume-lib/volume-providers/vpc/vpcclient/client/request.go:85.2,85.43 1 17
github.com/IBM/ibmcloud-storage-volume-lib/volume-providers/vpc/vpcclient/client/request.go:88.2,89.20 2 17
github.com/IBM/ibmcloud-storage-volume-lib/volume-providers/vpc/vpcclient/client/request.go:92.2,95.29 3 16
github.com/IBM/ibmcloud-storage-volume-lib/volume-providers/vpc/vpcclient/client/request.go:82.20,84.3 1 1
github.com/IBM/ibmcloud-storage-volume-lib/volume-providers/vpc/vpcclient/client/request.go:85.43,87.3 1 16
github.com/IBM/ibmcloud-storage-volume-lib/volume-providers/vpc/vpcclient/client/request.go:89.20,91.3 1 1
github.com/IBM/ibmcloud-storage-volume-lib/volume-providers/vpc/vpcclient/client/request.go:99.62,102.2 2 0
github.com/IBM/ibmcloud-storage-volume-lib/volume-providers/vpc/vpcclient/client/request.go:105.61,106.26 1 3
github.com/IBM/ibmcloud-storage-volume-lib/volume-providers/vpc/vpcclient/client/request.go:109.2,110.10 2 3
github.com/IBM/ibmcloud-storage-volume-lib/volume-providers/vpc/vpcclient/client/request.go:106.26,108.3 1 0
github.com/IBM/ibmcloud-storage-volume-lib/volume-providers/vpc/vpcclient/client/request.go:114.52,115.90 1 1
github.com/IBM/ibmcloud-storage-volume-lib/volume-providers/vpc/vpcclient/client/request.go:127.2,127.10 1 1
github.com/IBM/ibmcloud-storage-volume-lib/volume-providers/vpc/vpcclient/client/request.go:115.90,119.28 3 0
github.com/IBM/ibmcloud-storage-volume-lib/volume-providers/vpc/vpcclient/client/request.go:123.3,123.50 1 0
github.com/IBM/ibmcloud-storage-volume-lib/volume-providers/vpc/vpcclient/client/request.go:119.28,121.4 1 0
github.com/IBM/ibmcloud-storage-volume-lib/volume-providers/vpc/vpcclient/client/request.go:124.8,126.3 1 1
github.com/IBM/ibmcloud-storage-volume-lib/volume-providers/vpc/vpcclient/client/request.go:132.79,135.2 2 1
github.com/IBM/ibmcloud-storage-volume-lib/volume-providers/vpc/vpcclient/client/request.go:139.62,142.2 2 3
github.com/IBM/ibmcloud-storage-volume-lib/volume-providers/vpc/vpcclient/client/request.go:146.54,149.2 2 6
github.com/IBM/ibmcloud-storage-volume-lib/volume-providers/vpc/vpcclient/client/request.go:152.52,154.16 2 11
github.com/IBM/ibmcloud-storage-volume-lib/volume-providers/vpc/vpcclient/client/request.go:158.2,159.27 2 11
github.com/IBM/ibmcloud-storage-volume-lib/volume-providers/vpc/vpcclient/client/request.go:170.2,171.16 2 11
github.com/IBM/ibmcloud-storage-volume-lib/volume-providers/vpc/vpcclient/client/request.go:175.2,175.30 1 11
github.com/IBM/ibmcloud-storage-volume-lib/volume-providers/vpc/vpcclient/client/request.go:179.2,182.16 3 11
github.com/IBM/ibmcloud-storage-volume-lib/volume-providers/vpc/vpcclient/client/request.go:185.2,189.9 3 11
github.com/IBM/ibmcloud-storage-volume-lib/volume-providers/vpc/vpcclient/client/request.go:207.2,207.18 1 11
github.com/IBM/ibmcloud-storage-volume-lib/volume-providers/vpc/vpcclient/client/request.go:154.16,156.3 1 0
github.com/IBM/ibmcloud-storage-volume-lib/volume-providers/vpc/vpcclient/client/request.go:159.27,161.17 2 2
github.com/IBM/ibmcloud-storage-volume-lib/volume-providers/vpc/vpcclient/client/request.go:165.3,165.69 1 2
github.com/IBM/ibmcloud-storage-volume-lib/volume-providers/vpc/vpcclient/client/request.go:161.17,163.4 1 0
github.com/IBM/ibmcloud-storage-volume-lib/volume-providers/vpc/vpcclient/client/request.go:165.69,167.4 1 2
github.com/IBM/ibmcloud-storage-volume-lib/volume-providers/vpc/vpcclient/client/request.go:171.16,173.3 1 0
github.com/IBM/ibmcloud-storage-volume-lib/volume-providers/vpc/vpcclient/client/request.go:175.30,177.3 1 46
github.com/IBM/ibmcloud-storage-volume-lib/volume-providers/vpc/vpcclient/client/request.go:182.16,184.3 1 0
github.com/IBM/ibmcloud-storage-volume-lib/volume-providers/vpc/vpcclient/client/request.go:190.47,191.8 1 0
github.com/IBM/ibmcloud-storage-volume-lib/volume-providers/vpc/vpcclient/client/request.go:193.56,194.31 1 9
github.com/IBM/ibmcloud-storage-volume-lib/volume-providers/vpc/vpcclient/client/request.go:198.10,199.29 1 2
github.com/IBM/ibmcloud-storage-volume-lib/volume-providers/vpc/vpcclient/client/request.go:194.31,196.4 1 1
github.com/IBM/ibmcloud-storage-volume-lib/volume-providers/vpc/vpcclient/client/request.go:199.29,201.18 2 2
github.com/IBM/ibmcloud-storage-volume-lib/volume-providers/vpc/vpcclient/client/request.go:201.18,203.5 1 2
github.com/IBM/ibmcloud-storage-volume-lib/volume-providers/vpc/vpcclient/client/request.go:210.51,211.26 1 11
github.com/IBM/ibmcloud-storage-volume-lib/volume-providers/vpc/vpcclient/client/request.go:215.2,217.16 3 11
github.com/IBM/ibmcloud-storage-volume-lib/volume-providers/vpc/vpcclient/client/request.go:222.2,223.15 2 11
github.com/IBM/ibmcloud-storage-volume-lib/volume-providers/vpc/vpcclient/client/request.go:211.26,213.3 1 0
github.com/IBM/ibmcloud-storage-volume-lib/volume-providers/vpc/vpcclient/client/request.go:217.16,220.3 2 0
github.com/IBM/ibmcloud-storage-volume-lib/volume-providers/vpc/vpcclient/client/request.go:223.15,225.3 1 1
github.com/IBM/ibmcloud-storage-volume-lib/volume-providers/vpc/vpcclient/client/request.go:228.54,229.26 1 11
github.com/IBM/ibmcloud-storage-volume-lib/volume-providers/vpc/vpcclient/client/request.go:233.2,234.16 2 11
github.com/IBM/ibmcloud-storage-volume-lib/volume-providers/vpc/vpcclient/client/request.go:239.2,239.95 1 11
github.com/IBM/ibmcloud-storage-volume-lib/volume-providers/vpc/vpcclient/client/request.go:229.26,231.3 1 0
github.com/IBM/ibmcloud-storage-volume-lib/volume-providers/vpc/vpcclient/client/request.go:234.16,237.3 2 0
github.com/IBM/ibmcloud-storage-volume-lib/volume-providers/vpc/vpcclient/client/request.go:242.62,244.2 1 23
github.com/IBM/ibmcloud-storage-volume-lib/volume-providers/vpc/vpcclient/client/request.go:249.36,266.2 11 22
github.com/IBM/ibmcloud-storage-volume-lib/volume-providers/vpc/vpcclient/client/request.go:268.65,271.2 2 66
github.com/IBM/ibmcloud-storage-volume-lib/volume-providers/vpc/vpcclient/client/authentication.go:27.64,30.23 2 11
github.com/IBM/ibmcloud-storage-volume-lib/volume-providers/vpc/vpcclient/client/authentication.go:33.2,34.12 2 11
github.com/IBM/ibmcloud-storage-volume-lib/volume-providers/vpc/vpcclient/client/authentication.go:30.23,32.3 1 0
github.com/IBM/ibmcloud-storage-volume-lib/volume-providers/vpc/vpcclient/riaas/config.go:35.43,36.25 1 0
github.com/IBM/ibmcloud-storage-volume-lib/volume-providers/vpc/vpcclient/riaas/config.go:40.2,40.27 1 0
github.com/IBM/ibmcloud-storage-volume-lib/volume-providers/vpc/vpcclient/riaas/config.go:36.25,38.3 1 0
github.com/IBM/ibmcloud-storage-volume-lib/volume-providers/vpc/vpcclient/riaas/config.go:43.34,45.2 1 0
github.com/IBM/ibmcloud-storage-volume-lib/volume-providers/vpc/vpcclient/riaas/riaas.go:40.43,42.16 2 0
github.com/IBM/ibmcloud-storage-volume-lib/volume-providers/vpc/vpcclient/riaas/riaas.go:46.2,48.31 2 0
github.com/IBM/ibmcloud-storage-volume-lib/volume-providers/vpc/vpcclient/riaas/riaas.go:51.2,54.8 1 0
github.com/IBM/ibmcloud-storage-volume-lib/volume-providers/vpc/vpcclient/riaas/riaas.go:42.16,44.3 1 0
github.com/IBM/ibmcloud-storage-volume-lib/volume-providers/vpc/vpcclient/riaas/riaas.go:48.31,50.3 1 0
github.com/IBM/ibmcloud-storage-volume-lib/volume-providers/vpc/vpcclient/riaas/riaas.go:59.45,62.2 2 1
github.com/IBM/ibmcloud-storage-volume-lib/volume-providers/vpc/vpcclient/riaas/riaas.go:65.59,67.2 1 1
github.com/IBM/ibmcloud-storage-volume-lib/volume-providers/vpc/vpcclient/riaas/riaas.go:70.71,72.2 1 0
github.com/IBM/ibmcloud-storage-volume-lib/volume-providers/vpc/vpcclient/riaas/riaas.go:75.63,77.2 1 0
github.com/IBM/ibmcloud-storage-volume-lib/volume-providers/vpc/vpcclient/riaas/riaas.go:94.83,96.2 1 0
github.com/IBM/ibmcloud-storage-volume-lib/volume-providers/vpc/vpcclient/vpcvolume/list_volumes.go:23.135,43.15 10 6
github.com/IBM/ibmcloud-storage-volume-lib/volume-providers/vpc/vpcclient/vpcvolume/list_volumes.go:47.2,47.20 1 6
github.com/IBM/ibmcloud-storage-volume-lib/volume-providers/vpc/vpcclient/vpcvolume/list_volumes.go:62.2,63.16 2 6
github.com/IBM/ibmcloud-storage-volume-lib/volume-providers/vpc/vpcclient/vpcvolume/list_volumes.go:67.2,67.22 1 5
github.com/IBM/ibmcloud-storage-volume-lib/volume-providers/vpc/vpcclient/vpcvolume/list_volumes.go:43.15,45.3 1 1
github.com/IBM/ibmcloud-storage-volume-lib/volume-providers/vpc/vpcclient/vpcvolume/list_volumes.go:47.20,48.36 1 3
github.com/IBM/ibmcloud-storage-volume-lib/volume-providers/vpc/vpcclient/vpcvolume/list_volumes.go:51.3,51.24 1 3
github.com/IBM/ibmcloud-storage-volume-lib/volume-providers/vpc/vpcclient/vpcvolume/list_volumes.go:54.3,54.29 1 3
github.com/IBM/ibmcloud-storage-volume-lib/volume-providers/vpc/vpcclient/vpcvolume/list_volumes.go:57.3,57.31 1 3
github.com/IBM/ibmcloud-storage-volume-lib/volume-providers/vpc/vpcclient/vpcvolume/list_volumes.go:48.36,50.4 1 1
github.com/IBM/ibmcloud-storage-volume-lib/volume-providers/vpc/vpcclient/vpcvolume/list_volumes.go:51.24,53.4 1 1
github.com/IBM/ibmcloud-storage-volume-lib/volume-providers/vpc/vpcclient/vpcvolume/list_volumes.go:54.29,56.4 1 1
github.com/IBM/ibmcloud-storage-volume-lib/volume-providers/vpc/vpcclient/vpcvolume/list_volumes.go:57.31,59.4 1 0
github.com/IBM/ibmcloud-storage-volume-lib/volume-providers/vpc/vpcclient/vpcvolume/list_volumes.go:63.16,65.3 1 1
github.com/IBM/ibmcloud-storage-volume-lib/volume-providers/vpc/vpcclient/vpcvolume/set_volume_tag.go:22.101,41.16 10 6
github.com/IBM/ibmcloud-storage-volume-lib/volume-providers/vpc/vpcclient/vpcvolume/set_volume_tag.go:45.2,45.12 1 5
github.com/IBM/ibmcloud-storage-volume-lib/volume-providers/vpc/vpcclient/vpcvolume/set_volume_tag.go:41.16,43.3 1 1
github.com/IBM/ibmcloud-storage-volume-lib/volume-providers/vpc/vpcclient/vpcvolume/create_snapshot.go:22.144,41.16 10 3
github.com/IBM/ibmcloud-storage-volume-lib/volume-providers/vpc/vpcclient/vpcvolume/create_snapshot.go:45.2,45.23 1 0
github.com/IBM/ibmcloud-storage-volume-lib/volume-providers/vpc/vpcclient/vpcvolume/create_snapshot.go:41.16,43.3 1 3
github.com/IBM/ibmcloud-storage-volume-lib/volume-providers/vpc/vpcclient/vpcvolume/delete_snapshot_tag.go:22.127,41.16 10 3
github.com/IBM/ibmcloud-storage-volume-lib/volume-providers/vpc/vpcclient/vpcvolume/delete_snapshot_tag.go:45.2,45.12 1 0
github.com/IBM/ibmcloud-storage-volume-lib/volume-providers/vpc/vpcclient/vpcvolume/delete_snapshot_tag.go:41.16,43.3 1 3
github.com/IBM/ibmcloud-storage-volume-lib/volume-providers/vpc/vpcclient/vpcvolume/delete_volume.go:22.85,40.16 9 4
github.com/IBM/ibmcloud-storage-volume-lib/volume-providers/vpc/vpcclient/vpcvolume/delete_volume.go:44.2,44.12 1 3
github.com/IBM/ibmcloud-storage-volume-lib/volume-providers/vpc/vpcclient/vpcvolume/delete_volume.go:40.16,42.3 1 1
github.com/IBM/ibmcloud-storage-volume-lib/volume-providers/vpc/vpcclient/vpcvolume/get_snapshot.go:22.125,43.16 11 4
github.com/IBM/ibmcloud-storage-volume-lib/volume-providers/vpc/vpcclient/vpcvolume/get_snapshot.go:47.2,47.23 1 0
github.com/IBM/ibmcloud-storage-volume-lib/volume-providers/vpc/vpcclient/vpcvolume/get_snapshot.go:43.16,45.3 1 4
github.com/IBM/ibmcloud-storage-volume-lib/volume-providers/vpc/vpcclient/vpcvolume/list_snapshot_tags.go:22.123,42.16 11 3
github.com/IBM/ibmcloud-storage-volume-lib/volume-providers/vpc/vpcclient/vpcvolume/list_snapshot_tags.go:46.2,46.19 1 0
github.com/IBM/ibmcloud-storage-volume-lib/volume-providers/vpc/vpcclient/vpcvolume/list_snapshot_tags.go:42.16,44.3 1 3
github.com/IBM/ibmcloud-storage-volume-lib/volume-providers/vpc/vpcclient/vpcvolume/list_snapshots.go:22.112,41.16 10 3
github.com/IBM/ibmcloud-storage-volume-lib/volume-providers/vpc/vpcclient/vpcvolume/list_snapshots.go:45.2,45.24 1 0
github.com/IBM/ibmcloud-storage-volume-lib/volume-providers/vpc/vpcclient/vpcvolume/list_snapshots.go:41.16,43.3 1 3
github.com/IBM/ibmcloud-storage-volume-lib/volume-providers/vpc/vpcclient/vpcvolume/snapshot_service.go:54.70,58.2 1 25
github.com/IBM/ibmcloud-storage-volume-lib/volume-providers/vpc/vpcclient/vpcvolume/check_snapshot_tag.go:22.126,41.16 10 3
github.com/IBM/ibmcloud-storage-volume-lib/volume-providers/vpc/vpcclient/vpcvolume/check_snapshot_tag.go:45.2,45.12 1 0
github.com/IBM/ibmcloud-storage-volume-lib/volume-providers/vpc/vpcclient/vpcvolume/check_snapshot_tag.go:41.16,43.3 1 3
github.com/IBM/ibmcloud-storage-volume-lib/volume-providers/vpc/vpcclient/vpcvolume/check_volume_tag.go:22.103,41.16 10 5
github.com/IBM/ibmcloud-storage-volume-lib/volume-providers/vpc/vpcclient/vpcvolume/check_volume_tag.go:45.2,45.12 1 3
github.com/IBM/ibmcloud-storage-volume-lib/volume-providers/vpc/vpcclient/vpcvolume/check_volume_tag.go:41.16,43.3 1 2
github.com/IBM/ibmcloud-storage-volume-lib/volume-providers/vpc/vpcclient/vpcvolume/create_volume.go:22.117,41.16 10 4
github.com/IBM/ibmcloud-storage-volume-lib/volume-providers/vpc/vpcclient/vpcvolume/create_volume.go:45.2,45.21 1 3
github.com/IBM/ibmcloud-storage-volume-lib/volume-providers/vpc/vpcclient/vpcvolume/create_volume.go:41.16,43.3 1 1
github.com/IBM/ibmcloud-storage-volume-lib/volume-providers/vpc/vpcclient/vpcvolume/delete_snapshot.go:22.108,40.16 9 3
github.com/IBM/ibmcloud-storage-volume-lib/volume-providers/vpc/vpcclient/vpcvolume/delete_snapshot.go:44.2,44.12 1 0
github.com/IBM/ibmcloud-storage-volume-lib/volume-providers/vpc/vpcclient/vpcvolume/delete_snapshot.go:40.16,42.3 1 3
github.com/IBM/ibmcloud-storage-volume-lib/volume-providers/vpc/vpcclient/vpcvolume/delete_volume_tag.go:22.104,41.16 10 5
github.com/IBM/ibmcloud-storage-volume-lib/volume-providers/vpc/vpcclient/vpcvolume/delete_volume_tag.go:45.2,45.12 1 4
github.com/IBM/ibmcloud-storage-volume-lib/volume-providers/vpc/vpcclient/vpcvolume/delete_volume_tag.go:41.16,43.3 1 1
github.com/IBM/ibmcloud-storage-volume-lib/volume-providers/vpc/vpcclient/vpcvolume/get_volume.go:22.100,42.16 11 4
github.com/IBM/ibmcloud-storage-volume-lib/volume-providers/vpc/vpcclient/vpcvolume/get_volume.go:46.2,46.21 1 3
github.com/IBM/ibmcloud-storage-volume-lib/volume-providers/vpc/vpcclient/vpcvolume/get_volume.go:42.16,44.3 1 1
github.com/IBM/ibmcloud-storage-volume-lib/volume-providers/vpc/vpcclient/vpcvolume/get_volume.go:50.108,59.16 6 0
github.com/IBM/ibmcloud-storage-volume-lib/volume-providers/vpc/vpcclient/vpcvolume/get_volume.go:63.2,63.20 1 0
github.com/IBM/ibmcloud-storage-volume-lib/volume-providers/vpc/vpcclient/vpcvolume/get_volume.go:69.2,69.17 1 0
github.com/IBM/ibmcloud-storage-volume-lib/volume-providers/vpc/vpcclient/vpcvolume/get_volume.go:59.16,61.3 1 0
github.com/IBM/ibmcloud-storage-volume-lib/volume-providers/vpc/vpcclient/vpcvolume/get_volume.go:63.20,65.49 2 0
github.com/IBM/ibmcloud-storage-volume-lib/volume-providers/vpc/vpcclient/vpcvolume/get_volume.go:65.49,67.4 1 0
github.com/IBM/ibmcloud-storage-volume-lib/volume-providers/vpc/vpcclient/vpcvolume/list_volume_tags.go:22.100,42.16 11 2
github.com/IBM/ibmcloud-storage-volume-lib/volume-providers/vpc/vpcclient/vpcvolume/list_volume_tags.go:46.2,46.19 1 1
github.com/IBM/ibmcloud-storage-volume-lib/volume-providers/vpc/vpcclient/vpcvolume/list_volume_tags.go:42.16,44.3 1 1
github.com/IBM/ibmcloud-storage-volume-lib/volume-providers/vpc/vpcclient/vpcvolume/set_snapshot_tag.go:22.124,41.16 10 3
github.com/IBM/ibmcloud-storage-volume-lib/volume-providers/vpc/vpcclient/vpcvolume/set_snapshot_tag.go:45.2,45.12 1 0
github.com/IBM/ibmcloud-storage-volume-lib/volume-providers/vpc/vpcclient/vpcvolume/set_snapshot_tag.go:41.16,43.3 1 3
github.com/IBM/ibmcloud-storage-volume-lib/volume-providers/vpc/vpcclient/vpcvolume/volume_service.go:58.53,62.2 1 36
