mode: set
github.com/IBM/ibmcloud-storage-volume-lib/config/tls.go:20.50,37.2 2 0
github.com/IBM/ibmcloud-storage-volume-lib/config/tls.go:40.82,54.2 2 0
github.com/IBM/ibmcloud-storage-volume-lib/config/config.go:23.32,25.2 1 1
github.com/IBM/ibmcloud-storage-volume-lib/config/config.go:28.25,29.46 1 1
github.com/IBM/ibmcloud-storage-volume-lib/config/config.go:32.2,32.11 1 1
github.com/IBM/ibmcloud-storage-volume-lib/config/config.go:29.46,31.3 1 0
github.com/IBM/ibmcloud-storage-volume-lib/config/config.go:46.71,48.20 1 0
github.com/IBM/ibmcloud-storage-volume-lib/config/config.go:53.2,58.19 4 0
github.com/IBM/ibmcloud-storage-volume-lib/config/config.go:48.20,50.3 1 0
github.com/IBM/ibmcloud-storage-volume-lib/config/config.go:62.27,63.62 1 0
github.com/IBM/ibmcloud-storage-volume-lib/config/config.go:67.2,67.29 1 0
github.com/IBM/ibmcloud-storage-volume-lib/config/config.go:63.62,65.3 1 0
github.com/IBM/ibmcloud-storage-volume-lib/config/config.go:71.30,72.62 1 1
github.com/IBM/ibmcloud-storage-volume-lib/config/config.go:76.2,76.21 1 1
github.com/IBM/ibmcloud-storage-volume-lib/config/config.go:72.62,74.3 1 1
github.com/IBM/ibmcloud-storage-volume-lib/config/config.go:80.34,82.2 1 0
github.com/IBM/ibmcloud-storage-volume-lib/config/config.go:85.79,87.16 2 0
github.com/IBM/ibmcloud-storage-volume-lib/config/config.go:91.2,92.16 2 0
github.com/IBM/ibmcloud-storage-volume-lib/config/config.go:95.2,95.12 1 0
github.com/IBM/ibmcloud-storage-volume-lib/config/config.go:87.16,89.3 1 0
github.com/IBM/ibmcloud-storage-volume-lib/config/config.go:92.16,94.3 1 0
github.com/IBM/ibmcloud-storage-volume-lib/config/config.go:168.26,173.2 3 1
github.com/IBM/ibmcloud-storage-volume-lib/config/config.go:179.83,185.2 5 0
